<?xml version="1.0" encoding="UTF-8"?>
<testng-results ignored="0" total="1" passed="1" failed="0" skipped="0">
  <reporter-output>
    <line>
      <![CDATA[Stock-000000222  Stock-000000222]]>
    </line>
    <line>
      <![CDATA[Supplier-00000001059   Supplier-00000001059]]>
    </line>
    <line>
      <![CDATA[Customer-00000001013  Customer-00000001013]]>
    </line>
  </reporter-output>
  <suite started-at="2024-01-27T20:40:51 IST" name="Default suite" finished-at="2024-01-27T20:42:32 IST" duration-ms="101512">
    <groups>
    </groups>
    <test started-at="2024-01-27T20:40:51 IST" name="Default test" finished-at="2024-01-27T20:42:32 IST" duration-ms="101512">
      <class name="driverFactory.AppTest">
        <test-method signature="kickStart()[pri:0, instance:driverFactory.AppTest@771a660]" started-at="2024-01-27T20:40:51 IST" name="kickStart" finished-at="2024-01-27T20:42:32 IST" duration-ms="101450" status="PASS">
          <reporter-output>
            <line>
              <![CDATA[Stock-000000222  Stock-000000222]]>
            </line>
            <line>
              <![CDATA[Supplier-00000001059   Supplier-00000001059]]>
            </line>
            <line>
              <![CDATA[Customer-00000001013  Customer-00000001013]]>
            </line>
          </reporter-output>
        </test-method> <!-- kickStart -->
      </class> <!-- driverFactory.AppTest -->
    </test> <!-- Default test -->
  </suite> <!-- Default suite -->
</testng-results>
